{"/Users/dianmorales/Documents/workspaceNode/contributors/src/index.js": {"path":"/Users/dianmorales/Documents/workspaceNode/contributors/src/index.js","statementMap":{"0":{"start":{"line":1,"column":18},"end":{"line":1,"column":42}},"1":{"start":{"line":2,"column":14},"end":{"line":2,"column":46}},"2":{"start":{"line":3,"column":19},"end":{"line":3,"column":22}},"3":{"start":{"line":4,"column":22},"end":{"line":4,"column":25}},"4":{"start":{"line":8,"column":17},"end":{"line":8,"column":94}},"5":{"start":{"line":9,"column":2},"end":{"line":9,"column":14}},"6":{"start":{"line":12,"column":0},"end":{"line":12,"column":42}},"7":{"start":{"line":14,"column":0},"end":{"line":101,"column":2}},"8":{"start":{"line":15,"column":18},"end":{"line":15,"column":44}},"9":{"start":{"line":18,"column":23},"end":{"line":18,"column":67}},"10":{"start":{"line":19,"column":2},"end":{"line":19,"column":41}},"11":{"start":{"line":22,"column":23},"end":{"line":51,"column":8}},"12":{"start":{"line":23,"column":21},"end":{"line":23,"column":30}},"13":{"start":{"line":24,"column":107},"end":{"line":24,"column":119}},"14":{"start":{"line":25,"column":4},"end":{"line":25,"column":27}},"15":{"start":{"line":26,"column":4},"end":{"line":26,"column":29}},"16":{"start":{"line":27,"column":4},"end":{"line":27,"column":37}},"17":{"start":{"line":28,"column":4},"end":{"line":28,"column":51}},"18":{"start":{"line":31,"column":29},"end":{"line":31,"column":127}},"19":{"start":{"line":32,"column":4},"end":{"line":32,"column":54}},"20":{"start":{"line":35,"column":25},"end":{"line":48,"column":113}},"21":{"start":{"line":36,"column":6},"end":{"line":47,"column":8}},"22":{"start":{"line":48,"column":25},"end":{"line":48,"column":58}},"23":{"start":{"line":48,"column":78},"end":{"line":48,"column":112}},"24":{"start":{"line":49,"column":4},"end":{"line":49,"column":49}},"25":{"start":{"line":50,"column":4},"end":{"line":50,"column":22}},"26":{"start":{"line":54,"column":31},"end":{"line":54,"column":49}},"27":{"start":{"line":55,"column":2},"end":{"line":55,"column":59}},"28":{"start":{"line":58,"column":30},"end":{"line":94,"column":8}},"29":{"start":{"line":60,"column":4},"end":{"line":92,"column":5}},"30":{"start":{"line":61,"column":35},"end":{"line":61,"column":72}},"31":{"start":{"line":62,"column":32},"end":{"line":62,"column":68}},"32":{"start":{"line":63,"column":6},"end":{"line":72,"column":9}},"33":{"start":{"line":73,"column":6},"end":{"line":75,"column":9}},"34":{"start":{"line":74,"column":8},"end":{"line":74,"column":49}},"35":{"start":{"line":76,"column":31},"end":{"line":76,"column":80}},"36":{"start":{"line":77,"column":6},"end":{"line":77,"column":149}},"37":{"start":{"line":80,"column":6},"end":{"line":91,"column":9}},"38":{"start":{"line":93,"column":4},"end":{"line":93,"column":15}},"39":{"start":{"line":95,"column":22},"end":{"line":95,"column":56}},"40":{"start":{"line":96,"column":23},"end":{"line":98,"column":4}},"41":{"start":{"line":97,"column":4},"end":{"line":97,"column":45}},"42":{"start":{"line":99,"column":2},"end":{"line":99,"column":53}},"43":{"start":{"line":100,"column":2},"end":{"line":100,"column":22}}},"fnMap":{"0":{"name":"getRepositories","decl":{"start":{"line":7,"column":15},"end":{"line":7,"column":30}},"loc":{"start":{"line":7,"column":54},"end":{"line":10,"column":1}},"line":7},"1":{"name":"(anonymous_1)","decl":{"start":{"line":14,"column":17},"end":{"line":14,"column":18}},"loc":{"start":{"line":14,"column":67},"end":{"line":101,"column":1}},"line":14},"2":{"name":"(anonymous_2)","decl":{"start":{"line":22,"column":43},"end":{"line":22,"column":44}},"loc":{"start":{"line":22,"column":72},"end":{"line":51,"column":3}},"line":22},"3":{"name":"(anonymous_3)","decl":{"start":{"line":35,"column":51},"end":{"line":35,"column":52}},"loc":{"start":{"line":35,"column":88},"end":{"line":48,"column":5}},"line":35},"4":{"name":"(anonymous_4)","decl":{"start":{"line":48,"column":14},"end":{"line":48,"column":15}},"loc":{"start":{"line":48,"column":25},"end":{"line":48,"column":58}},"line":48},"5":{"name":"(anonymous_5)","decl":{"start":{"line":48,"column":68},"end":{"line":48,"column":69}},"loc":{"start":{"line":48,"column":78},"end":{"line":48,"column":112}},"line":48},"6":{"name":"(anonymous_6)","decl":{"start":{"line":58,"column":58},"end":{"line":58,"column":59}},"loc":{"start":{"line":58,"column":81},"end":{"line":94,"column":3}},"line":58},"7":{"name":"(anonymous_7)","decl":{"start":{"line":73,"column":53},"end":{"line":73,"column":54}},"loc":{"start":{"line":73,"column":63},"end":{"line":75,"column":7}},"line":73},"8":{"name":"(anonymous_8)","decl":{"start":{"line":96,"column":40},"end":{"line":96,"column":41}},"loc":{"start":{"line":96,"column":50},"end":{"line":98,"column":3}},"line":96}},"branchMap":{"0":{"loc":{"start":{"line":60,"column":4},"end":{"line":92,"column":5}},"type":"if","locations":[{"start":{"line":60,"column":4},"end":{"line":92,"column":5}},{"start":{"line":60,"column":4},"end":{"line":92,"column":5}}],"line":60}},"s":{"0":1,"1":1,"2":1,"3":1,"4":2,"5":2,"6":1,"7":1,"8":2,"9":2,"10":2,"11":2,"12":3,"13":3,"14":3,"15":3,"16":3,"17":3,"18":3,"19":3,"20":3,"21":5,"22":5,"23":5,"24":3,"25":3,"26":2,"27":2,"28":2,"29":4,"30":1,"31":1,"32":1,"33":1,"34":1,"35":1,"36":1,"37":3,"38":4,"39":2,"40":2,"41":1,"42":2,"43":2},"f":{"0":2,"1":2,"2":3,"3":5,"4":5,"5":5,"6":4,"7":1,"8":1},"b":{"0":[1,3]},"_coverageSchema":"1a1c01bbd47fc00a2c39e90264f33305004495a9","hash":"f27511a6456d75e77261a38af4cf09c2fae6498e"}
}
