TN:
SF:src/index.js
FN:7,getRepositories
FN:14,(anonymous_1)
FN:22,(anonymous_2)
FN:35,(anonymous_3)
FN:48,(anonymous_4)
FN:48,(anonymous_5)
FN:58,(anonymous_6)
FN:73,(anonymous_7)
FN:96,(anonymous_8)
FNF:9
FNH:9
FNDA:2,getRepositories
FNDA:2,(anonymous_1)
FNDA:3,(anonymous_2)
FNDA:5,(anonymous_3)
FNDA:5,(anonymous_4)
FNDA:5,(anonymous_5)
FNDA:4,(anonymous_6)
FNDA:1,(anonymous_7)
FNDA:1,(anonymous_8)
DA:1,1
DA:2,1
DA:3,1
DA:4,1
DA:8,2
DA:9,2
DA:12,1
DA:14,1
DA:15,2
DA:18,2
DA:19,2
DA:22,2
DA:23,3
DA:24,3
DA:25,3
DA:26,3
DA:27,3
DA:28,3
DA:31,3
DA:32,3
DA:35,3
DA:36,5
DA:48,5
DA:49,3
DA:50,3
DA:54,2
DA:55,2
DA:58,2
DA:60,4
DA:61,1
DA:62,1
DA:63,1
DA:73,1
DA:74,1
DA:76,1
DA:77,1
DA:80,3
DA:93,4
DA:95,2
DA:96,2
DA:97,1
DA:99,2
DA:100,2
LF:43
LH:43
BRDA:60,0,0,1
BRDA:60,0,1,3
BRF:2
BRH:2
end_of_record
